<?xml version="1.0" encoding="UTF-8"?>
<testsuite xmlns:xsi="http://www.w3.org/2001/XMLSchema-instance" xsi:schemaLocation="https://maven.apache.org/surefire/maven-surefire-plugin/xsd/surefire-test-report.xsd" name="ru.android.zheka.gmapexample1.ExampleUnitTest" time="22.261" tests="12" errors="0" skipped="0" failures="0">
  <properties>
[...]
</properties>
  <testcase name="testAvoidPushAndPull" classname="ru.android.zheka.gmapexample1.ExampleUnitTest" time="12.995"/>
  <testcase name="testPositionAndBoundInit" classname="ru.android.zheka.gmapexample1.ExampleUnitTest" time="0.947"/>
  <testcase name="testDef" classname="ru.android.zheka.gmapexample1.ExampleUnitTest" time="0.514"/>
  <testcase name="testMap" classname="ru.android.zheka.gmapexample1.ExampleUnitTest" time="3.109"/>
  <testcase name="printNotFoundedMethod" classname="ru.android.zheka.gmapexample1.ExampleUnitTest" time="0.451"/>
  <testcase name="testFragment" classname="ru.android.zheka.gmapexample1.ExampleUnitTest" time="0.479"/>
  <testcase name="testMapsActivity" classname="ru.android.zheka.gmapexample1.ExampleUnitTest" time="0.436"/>
  <testcase name="testRWPoint" classname="ru.android.zheka.gmapexample1.ExampleUnitTest" time="0.455"/>
  <testcase name="testRWTrace" classname="ru.android.zheka.gmapexample1.ExampleUnitTest" time="0.489"/>
  <testcase name="testSetDef" classname="ru.android.zheka.gmapexample1.ExampleUnitTest" time="0.435"/>
  <testcase name="testOnItemPointSelected" classname="ru.android.zheka.gmapexample1.ExampleUnitTest" time="0.451"/>
  <testcase name="testNextView" classname="ru.android.zheka.gmapexample1.ExampleUnitTest" time="1.421"/>
</testsuite>